-------------------------------------------------------------------------------
Test set: Teste.TesteSimuladorInvestimento
-------------------------------------------------------------------------------
Tests run: 1, Failures: 1, Errors: 0, Skipped: 0, Time elapsed: 1.119 sec <<< FAILURE!
test1(Teste.TesteSimuladorInvestimento)  Time elapsed: 0.011 sec  <<< FAILURE!
java.lang.NullPointerException
	at Teste.TesteSimuladorInvestimento.test1(TesteSimuladorInvestimento.java:16)

